[debug] [2025-10-29T15:44:29.644Z] ----------------------------------------------------------------------
[debug] [2025-10-29T15:44:29.648Z] Command:       C:\Program Files\nodejs\node.exe C:\Users\veera\AppData\Roaming\npm\node_modules\firebase-tools\lib\bin\firebase.js init
[debug] [2025-10-29T15:44:29.649Z] CLI Version:   14.22.0
[debug] [2025-10-29T15:44:29.649Z] Platform:      win32
[debug] [2025-10-29T15:44:29.649Z] Node Version:  v22.17.0
[debug] [2025-10-29T15:44:29.650Z] Time:          Wed Oct 29 2025 21:14:29 GMT+0530 (India Standard Time)
[debug] [2025-10-29T15:44:29.650Z] ----------------------------------------------------------------------
[debug] 
[info] 
     ######## #### ########  ######## ########     ###     ######  ########
     ##        ##  ##     ## ##       ##     ##  ##   ##  ##       ##
     ######    ##  ########  ######   ########  #########  ######  ######
     ##        ##  ##    ##  ##       ##     ## ##     ##       ## ##
     ##       #### ##     ## ######## ########  ##     ##  ######  ########

You're about to initialize a Firebase project in this directory:

  C:\Users\veera\OneDrive\Desktop\Web App

Before we get started, keep in mind:

  * You are initializing within an existing Firebase project directory

[debug] [2025-10-29T15:46:32.313Z] ExitPromptError: User force closed the prompt with SIGINT
    at Interface.sigint (C:\Users\veera\AppData\Roaming\npm\node_modules\firebase-tools\node_modules\@inquirer\core\dist\commonjs\lib\create-prompt.js:101:37)
    at Interface.emit (node:events:518:28)
    at Interface.emit (node:domain:489:12)
    at [_ttyWrite] [as _ttyWrite] (node:internal/readline/interface:1132:18)
    at ReadStream.onkeypress (node:internal/readline/interface:271:20)
    at ReadStream.emit (node:events:530:35)
    at ReadStream.emit (node:domain:489:12)
    at emitKeys (node:internal/readline/utils:370:14)
    at emitKeys.next (<anonymous>)
    at ReadStream.onData (node:internal/readline/emitKeypressEvents:64:36)
[error] 
[error] Error: An unexpected error has occurred.
